[   0.000000] Initializing cgroup subsys cpuset
[    0.000000] Initializing cgroup subsys cpu
[    0.000000 Iitializing cgroup subsys cpuacct
    0.00000 Lnux version 4.4.0-79-generic (buildd@lcy01-30) (gcc version 5.4.0 20160609 (Ubuntu 5.4.0-6ubuntu1~16.04.4) ) #100-Ubuntu SMP Wed May 17 19:58:14 UTC 2017 (Ubuntu 4.4.0-79.100-generic 4.4.67)
    0.0000]Comandin BOOT_IGE/bt/vmin-44.0-79-generic root=LABEL=cloudimg-rootfs ro cosole=ty1 console=ttyS0
[    0.000000] KERNEL supported cpus:
[    0.000000]   Intel GenuineIntel
[    0.000000]   AMD AuthenticAMD
[    0.000000]   Centaur CentaurHauls
[    0.000000] x86/fpu: xstate_offset[2]:  576, xstate_sizes[2]:  256
[    0.000000] x86/fpu: Supporting XSAVE eaure 0x01: 'x87 floatin pin rgists'
[    0.00000] x86/fpu: Supportin XVE feature 0x02: 'SSE registers'
[    0.000000] x86/fpu: Supporting XSAVE feature 0x04: 'AVX registers'
  0.00000] 86fp: nablexsatfeatures0x7, context size is 832 bytes, using 'standard' format.
[   0.0000] 86/fp Using 'lazy'FP contxtswtches.
[    0.000000] e820: BIS-roidd hysical RAM map:
[    0.000000] BIOS-e820: [mem 0x0000000000000000-0x000000000009fbff] usable
[    0.000000] BIOS-e820: [mem 0x000000000009fc00-0x000000000009ffff] reserved
[    0.000000] BIOS-e820: [mem 0x00000000000f0000-0x00000000000fffff] reered
[   00000] BIOS-e820: [mem 0x0000000000100000-0x000000003ffeffff] usable
[    0.000000] BIOS-e820: [mem 0x000000ff0000-0x000000003fffffff] ACPI data
[    0.000000] BIO-e0:[mem 0x0000000fe00000x00000000fe00fff] reserved
[    0.000000] BIOS-e820: [mem 0x00000000fee00000-0x00000000fee00fff] reserved
[    0.000000] BIOS-e820: [mem 0x00000000fffc0000-0x00000000ffffffff] reserved
[    0.000000] NX (Execute Disable) protection: active
[    0.000000]SMIO2. prent
    0.0000Hypervisor detected: KVM
[    0.000000] e820: last_pfn = 0x3fff0 max_arch_pfn = x4000000
[   000000]MT: isabled
[    0.000000] x86/PAT: MTRRs disabled, skipping PA iitaliztin oo
[   00000]x86/PAT: Cnfurion [-7 WB WT  UC- UC  WBWT U- UC  
   000000]PUTRs all blank - virtualized system.
[    0.000000] ou SP MP-table at [mem 0x0009fff0-0x0009ffff] mapped at [ffff88000009fff0]
[    0.000000] Scanning 1 areas forlo mmory corruption
[    0.000000] RAMDISK: [mem 0x36aea000-0x3756cfff]
[    0.000000] ACPI: Early table checksum verification disabled
[    0.000000] ACPI: RSDP 0x00000000000E0000 000024 (v02 VBOX  )
[    0.000000] APIXST 0000003FF0030 000C (v01 VBOX   VBOXSDT 00000001 ASL  00000061)
[    0.0000] ACPI: FACP 0x000000003FFF00F0 0000F4 (v04 VBOX   VBOXFACP 00000001 ASL  00000061)
[    0.000000] ACPI: DSDT 0x000000003FF040 021FF (v0 VBOX  VOXBIOS 00000002 INTL 20100528)
[    .00000] ACPI: FACS 0x000000003FFF0200 000040
[    0.00000ACPI: FACS 0x000000003FFF200 000040
[    0.000000] ACPI: API 00000000FF0240 00005C (v02 VBOX   VBOXAPIC 00000001 ASL  00000061)
[   0.0000] CPI: ST x0000003FFF02A0 0001CC (v01 VBOX   VBOXCPUT 00000002 INTL 20100528)
[    00000] No NUMA configuration found
[    0.000000] Faking a node at [mem 0x0000000000000000-0x000000003ffeffff]
[    0.000000] NODE_DATA(0) allocated [mem 0x3ffeb000-0x3ffeffff]
[    0.00000 kvm-clock: Using msrs 4b564d01an4b64d00
[    0.00000] vmlock: pu, sr0:3fe31,primary cpu coc
   0.000000] kvm-clock: using sched offset of 3133710cycles
[    0.000000] clocksource: kvm-clock: mas: fffffffffff ax_cycles: 0x1cd42e4dffb, x_dle_ns: 881590591483 ns
[    0.000000] Zone ranges:
[    0000000]   MA    em0x000000000001000-0x0000000000ffffff]
[    0.000000]   DMA32    [mem 0x0000000001000000-0x00003ffeffff][   .00000  Nomal  ept
    0.000]  Devce  mpy
[   .000] Moable zone start for each node
[    0.000000] Early memory node ranges
[    0.000000]  de  0:[mem 0x0000000001000-0x000000000009efff]
[    0.000000]   node   0: [mem 0x0000000000100000-0x000000003ffeffff]
[    0.000000] Initmem setup node 0 [mem 0x0000000000001000-0x000000003ffeffff]
[    0.000000] ACPI: PM-TmeIOPort: 040
   0.00000] IOAPIC[0]: apic_id 2, version 2, address 0xfec00000, GSI 0-23[   0.000] ACP: T_SRC_VR (us0 usrq 0glbairq 2 flfl)
[    0.000000] ACPI: INT_SRC_OVR (bus 0 bus_irq 9 global_irq 9lo leel
[    0.000000] Using ACPI (MADT) for SMP configuration information
[    0.000000] smpboot: Allowing 2 CPUs, 0 hotplug CCPUs
[   00000] PM: Registered nosave memory: [mem 0x00000000-0x00000fff]
[    0.000000] PM: Registered nosave memory: [mem 0x0009f000-0x0009fff
[    0.000000] PM: Registered nosave memory: [mem 0x000a0000-0x000effff]
[    0.000000] PM: Registered nosave memory: [mem 0x000f0000-0x000fffff]
[    0.00000 e82: [mem 0x40000000-0xfebfffff]avilble for CIdeces
   000000] Booting paravirtualizedkeel  KVM
[    0.000000] clocksource: refined-jiffies: mask: 0xfffffff ax_cycles: 0xffffffff, max_idle_ns:7645519600211568 ns
[    0.000000] setup_percpu: NR_CPUS:12r_pumask_bits:512 nr_cpu_ids: n_ne_id:1[    0.000000] PRCPU: Embedded 33 pge/cpu @ffff88003fc00000 s98264 r8192 d28712 u1048576
[    0.000000] PV qspinlock hash table entries: 256 (order: 0, 4096 bytes)
[    0.000000] Built 1 zonelists in Node order, mobility grouping on.  Total pages: 257913
[    0.000000] Policy zone: DMA32
[    0.000000] Kernel command line: BOOT_IMAGE=/boot/vmlinuz-4.4.0-79-generic root=LABEL=cloudimg-rootfs ro console=tty1 console=ttyS0
[    0.000000] PID hash table entries: 09(oer: 3, 32768 byes
[    0.00000]Memory: 1001816K/1048120K available (8469K kernel code, 1294K rwdata, 3984K rodata, 1484K init, 1316K bss, 46304K reserved, 0K cm-reserved)
[    0.000000]SLB:HWalign=64, Order=0-3,MinObject=0 CUs2, Nodes=1
  0.000000] Hierarchical RCU imemtation.
[    0.000000] 	Build-time adjustment ofle fanout to 64.
[    0.00000] 	RCUreriting CPU fm NR_PU=5 to nr_cpu_ids=2.
[    0.000000 R: djusting omtr for rcu_anutlef=64, nr_cpu_ids=2
[    0.000000] NR_IRQS334 nrirqs:40 6
[    0.000000] Console: colour VGA+ 80x25
[    0.000000] console [tty1] enabled
[    0.000000] console [ttyS0] enabled
[    0.000000] tsc: Detected 4200.000 MHz rossor
[    5.854851] Calibrating delay loop (skipped) preset value.. 8400.00 BogoMIPS (lpj=16800000)
[    5.946883] pid_max: default: 32768 minimum: 301
[    5.957203] ACPI: Core revision 20150930
[    5.963540] ACPI: 2 ACPI AML tables successfully acquired and loaded
[    5.978719] Security Framework initialized
[    5.982607] Yama: becoming mindful.
[    5.996503] AppArmor: AppArmor initialized
[    6.026963] Dentry cache hash table entries: 131072 (order: 8, 1048576 bytes)
[    6.028277] Inode-cache hash table entries: 65536 (order: 7, 524288 bytes)
[    6.057665] Mount-cache hash table entries: 2048 (order: 2, 16384 bytes)
[    6.058993] Mountpoint-cache hash table entries: 2048 (order: 2, 16384 bytes)
[    6.060458] Initializing cgroup subsys io
[    6.085512] Initializing cgroup subsys memory
[    6.101886] Initializing cgroup subsys devices
[    6.102550] Initializing cgroup subsys freezer
[    6.117514] Initializing cgroup subsys net_cls
[    6.127674] Initializing cgroup subsys perf_event
[    6.169674] Initializing cgroup subsys net_prio
[    6.193710] Initializing cgroup subsys hugetlb
[    6.194954] Initializing cgroup subsys pids
[    6.221648] CPU: Physical Processor ID: 0
[    6.258248] CPU: Processor Core ID: 0
[    6.263138] mce: CPU supports 0 MCE banks
[    6.274047] Last level iTLB entries: 4KB 64, 2MB 8, 4MB 8
[    6.285692] Last level dTLB entries: 4KB 64, 2MB 0, 4MB 0, 1GB 4
[    6.325543] Freeing SMP alternatives memory: 32K (ffffffff820b8000 - ffffffff820c0000)
[    6.441017] ftrace: allocating 32127 entries in 126 pages
[    6.529809] smpboot: APIC(0) Converting physical 0 to logical package 0
[    6.554163] smpboot: Max logical packages: 1
[    6.565245] x2apic enabled
[    6.586785] Switched APIC routing to physical x2apic.
[    6.590412] ..TIMER: vector=0x30 apic1=0 pin1=2 apic2=-1 pin2=-1
[    6.788814] smpboot: CPU0: Intel(R) Core(TM) i7-7700K CPU @ 4.20GHz (family: 0x6, model: 0x9e, stepping: 0x9)
[    6.821693] Performance Events: unsupported p6 CPU model 158 no PMU driver, software events only.
[    6.837819] KVM setup paravirtual spinlock
[    6.840616] x86: Booting SMP configuration:
[    6.867120] .... node  #0, CPUs:      #1
[    6.869127] kvm-clock: cpu 1, msr 0:3ffe3041, secondary cpu clock
[    6.914144] mce: CPU supports 0 MCE banks
[    6.917873] x86: Booted up 1 node, 2 CPUs
[    6.923746] smpboot: Total of 2 processors activated (16800.00 BogoMIPS)
[    6.969522] devtmpfs: initialized
[    6.975476] evm: security.selinux
[    6.985236] evm: security.SMACK64
[    7.067291] evm: security.SMACK64EXEC
[    7.091874] evm: security.SMACK64TRANSMUTE
[    7.104010] evm: security.SMACK64MMAP
[    7.106050] evm: security.ima
[    7.158322] evm: security.capability
[    7.177219] clocksource: jiffies: mask: 0xffffffff max_cycles: 0xffffffff, max_idle_ns: 7645041785100000 ns
[    7.198831] futex hash table entries: 512 (order: 3, 32768 bytes)
[    7.225690] pinctrl core: initialized pinctrl subsystem
[    7.226659] RTC time: 12:18:50, date: 07/06/18
[    7.292102] NET: Registered protocol family 16
[    7.341615] cpuidle: using governor ladder
[    7.384709] cpuidle: using governor menu
[    7.403942] PCCT header not found.
[    7.422627] ACPI: bus type PCI registered
[    7.426704] acpiphp: ACPI Hot Plug PCI Controller Driver version: 0.5
[    7.443461] PCI: Using configuration type 1 for base access
[    7.493420] ACPI: Added _OSI(Module Device)
[    7.513894] ACPI: Added _OSI(Processor Device)
[    7.535676] ACPI: Added _OSI(3.0 _SCP Extensions)
[    7.570931] ACPI: Added _OSI(Processor Aggregator Device)
[    7.610931] ACPI: Executed 1 blocks of module-level executable AML code
[    7.648383] ACPI: Interpreter enabled
[    7.668431] ACPI: (supports S0 S5)
[    7.681015] ACPI: Using IOAPIC for interrupt routing
[    7.719780] PCI: Using host bridge windows from ACPI; if necessary, use "pci=nocrs" and report a bug
[    7.772130] ACPI: PCI Root Bridge [PCI0] (domain 0000 [bus 00-ff])
[    7.801033] acpi PNP0A03:00: _OSC: OS supports [ASPM ClockPM Segments MSI]
[    7.836629] acpi PNP0A03:00: _OSC: not requesting OS control; OS requires [ExtendedConfig ASPM ClockPM MSI]
[    7.905574] acpi PNP0A03:00: fail to add MMCONFIG information, can't access extended PCI configuration space under this bridge.
[    7.914012] PCI host bridge to bus 0000:00
[    7.930760] pci_bus 0000:00: root bus resource [io  0x0000-0x0cf7 window]
[    7.936786] pci_bus 0000:00: root bus resource [io  0x0d00-0xffff window]
[    7.940545] pci_bus 0000:00: root bus resource [mem 0x000a0000-0x000bffff window]
[    7.980784] pci_bus 0000:00: root bus resource [mem 0x40000000-0xfdffffff window]
[    8.001711] pci_bus 0000:00: root bus resource [bus 00-ff]
[    8.016883] pci 0000:00:01.1: legacy IDE quirk: reg 0x10: [io  0x01f0-0x01f7]
[    8.070328] pci 0000:00:01.1: legacy IDE quirk: reg 0x14: [io  0x03f6]
[    8.081610] pci 0000:00:01.1: legacy IDE quirk: reg 0x18: [io  0x0170-0x0177]
[    8.102673] pci 0000:00:01.1: legacy IDE quirk: reg 0x1c: [io  0x0376]
[    8.136039] pci 0000:00:07.0: quirk: [io  0x4000-0x403f] claimed by PIIX4 ACPI
[    8.170610] pci 0000:00:07.0: quirk: [io  0x4100-0x410f] claimed by PIIX4 SMB
[    8.232229] ACPI: PCI Interrupt Link [LNKA] (IRQs 5 9 10 *11)
[    8.251444] ACPI: PCI Interrupt Link [LNKB] (IRQs 5 9 *10 11)
[    8.256188] ACPI: PCI Interrupt Link [LNKC] (IRQs 5 *9 10 11)
[    8.272815] ACPI: PCI Interrupt Link [LNKD] (IRQs 5 9 10 *11)
[    8.291508] ACPI: Enabled 2 GPEs in block 00 to 07
[    8.296403] vgaarb: setting as boot device: PCI:0000:00:02.0
[    8.306730] vgaarb: device added: PCI:0000:00:02.0,decodes=io+mem,owns=io+mem,locks=none
[    8.346553] vgaarb: loaded
[    8.351922] vgaarb: bridge control possible 0000:00:02.0
[    8.412276] SCSI subsystem initialized
[    8.475103] ACPI: bus type USB registered
[    8.508215] usbcore: registered new interface driver usbfs
[    8.512543] usbcore: registered new interface driver hub
[    8.600765] usbcore: registered new device driver usb
[    8.640424] PCI: Using ACPI for IRQ routing
[    8.672000] NetLabel: Initializing
[    8.709899] NetLabel:  domain hash size = 128
[    8.762887] NetLabel:  protocols = UNLABELED CIPSOv4
[    8.814834] NetLabel:  unlabeled traffic allowed by default
[    8.816485] amd_nb: Cannot enumerate AMD northbridges
[    8.830642] clocksource: Switched to clocksource kvm-clock
[   8.502] AppArmo: ppmoFilsyteEnle
[   3682pnp:Pn AI ni
[   9.339]np: PnPACPI: foud devices

[    9.999117] clocksource: acpi_pm: mask: 0xffffff max_cycles: 0xffffff, max_idle_ns: 2085701024 ns
[   10.041060] NET: Registered protocol family 2
[   10.059587] TCP established hash table entries: 8192 (order: 4, 65536 bytes)
[   10.064004] TCP bind hash table entries: 8192 (order: 5, 131072 bytes)
[   10.068489] TCP: Hash tables configured (established 8192 bind 8192)
[   10.086048] UDP hash table entries: 512 (order: 2, 16384 bytes)
[   10.101892] UDP-Lite hash table entries: 512 (order: 2, 16384 bytes)
[   10.106298] NET: Registered protocol family 1
[   10.114128] pci 0000:00:00.0: Limiting direct PCI/PCI transfers
[   10.123314] pci 0000:00:01.0: Activating ISA DMA hang workarounds
[   10.148464] Unpacking initramfs...
[   12.162194] Freeing initrd memory: 10764K (ffff880036aea000 - ffff88003756d000)
[   12.181899] platform rtc_cmos: registered platform RTC device (no PNP device found)
[   12.206688] Scanning for low memory corruption every 60 seconds
[   12.219863] audit: initializing netlink subsys (disabled)
[   12.241131] audit: type=2000 audit(1530879531.646:1): initialized
[   12.242100] Initialise system trusted keyring
[   12.258175] HugeTLB registered 2 MB page size, pre-allocated 0 pages
[   12.260298] zbud: loaded
[   12.265445] VFS: Disk quotas dquot_6.6.0
[   12.274530] VFS: Dquot-cache hash table entries: 512 (order 0, 4096 bytes)
[   12.287513] squashfs: version 4.0 (2009/01/31) Phillip Lougher
[   12.301235] fuse init (API version 7.23)
[   12.309507] Key type big_key registered
[   12.320651] Allocating IMA MOK and blacklist keyrings.
[   12.322804] Key type asymmetric registered
[   12.326837] Asymmetric key parser 'x509' registered
[   12.331834] Block layer SCSI generic (bsg) driver version 0.4 loaded (major 249)
[   12.333109] io scheduler noop registered
[   12.334055] io scheduler deadline registered (default)
[   12.336392] io scheduler cfq registered
[   12.348765] pci_hotplug: PCI Hot Plug PCI Core version: 0.5
[   12.350647] pciehp: PCI Express Hot Plug Controller Driver version: 0.4
[   12.356162] ACPI: AC Adapter [AC] (on-line)
[   12.365366] input: Power Button as /devices/LNXSYSTM:00/LNXPWRBN:00/input/input0
[   12.369004] ACPI: Power Button [PWRF]
[   12.375349] input: Sleep Button as /devices/LNXSYSTM:00/LNXSLPBN:00/input/input1
[   12.398867] ACPI: Sleep Button [SLPF]
[   12.409380] GHES: HEST is not enabled!
[   12.421584] Serial: 8250/16550 driver, 32 ports, IRQ sharing enabled
[   12.463031] 00:02: ttyS0 at I/O 0x3f8 (irq = 4, base_baud = 115200) is a 16550A
[   12.481500] Linux agpgart interface v0.103
[   12.485464] loop: module loaded
[   12.511290] scsi host0: ata_piix
[   12.544654] scsi host1: ata_piix
[   12.557177] ata1: PATA max UDMA/33 cmd 0x1f0 ctl 0x3f6 bmdma 0xd000 irq 14
[   12.567626] ata2: PATA max UDMA/33 cmd 0x170 ctl 0x376 bmdma 0xd008 irq 15
[   12.578213] libphy: Fixed MDIO Bus: probed
[   12.593482] tun: Universal TUN/TAP device driver, 1.6
[   12.595900] tun: (C) 1999-2004 Max Krasnyansky <maxk@qualcomm.com>
[   12.605422] PPP generic driver version 2.4.2
[   12.622543] ehci_hcd: USB 2.0 'Enhanced' Host Controller (EHCI) Driver
[   12.632129] ehci-pci: EHCI PCI platform driver
[   12.637058] ehci-platform: EHCI generic platform driver
[   12.639084] ohci_hcd: USB 1.1 'Open' Host Controller (OHCI) Driver
[   12.647858] ohci-pci: OHCI PCI platform driver
[   12.650230] ohci-platform: OHCI generic platform driver
[   12.655401] uhci_hcd: USB Universal Host Controller Interface driver
[   12.681623] i8042: PNP: PS/2 Controller [PNP0303:PS2K,PNP0f03:PS2M] at 0x60,0x64 irq 1,12
[   12.698010] serio: i8042 KBD port at 0x60,0x64 irq 1
[   12.700222] serio: i8042 AUX port at 0x60,0x64 irq 12
[   12.705845] mousedev: PS/2 mouse device common for all mice
[   12.708064] rtc_cmos rtc_cmos: rtc core: registered rtc_cmos as rtc0
[   12.714947] rtc_cmos rtc_cmos: alarms up to one day, 114 bytes nvram
[   12.732752] input: AT Translated Set 2 keyboard as /devices/platform/i8042/serio0/input/input2
[   12.73728] i2c /dev enties driver

[   12.215]devie-mpp: event: version 1.0.3
[   13.033589] device-mapper: ioctl: 4.34.0-ioctl (2015-10-28) initialised: dm-devel@redhat.com
[   13.044925] ledtrig-cpu: registered to indicate activity on CPUs
[   13.055345] NET: Registered protocol family 10
[   13.063029] NET: Registered protocol family 17
[   13.087809] Key type dns_resolver registered
[   13.093539] microcode: CPU0 sig=0x906e9, pf=0x8, revision=0x0
[   13.105365] microcode: CPU1 sig=0x906e9, pf=0x8, revision=0x0
[   13.131220] microcode: Microcode Update Driver: v2.01 <tigran@aivazian.fsnet.co.uk>, Peter Oruba
[   13.162530] registered taskstats version 1
[   13.167223] Loading compiled-in X.509 certificates
[   13.174307] Loaded X.509 cert 'Build time autogenerated kernel key: 761c03361fb5ffec61c19dca354b3d4126495503'
[   13.175792] zswap: loaded using pool lzo/zbud
[   13.182034] tsc: Refined TSC clocksource calibration: 4201.120 MHz
[   13.186163] clocksource: tsc: mask: 0xffffffffffffffff max_cycles: 0x3c8e8346f3d, max_idle_ns: 440795224472 ns
[   13.188692] Key type trusted registered
[   13.190696] Key type encrypted registered
[   13.190704] AppArmor: AppArmor sha1 policy hashing enabled
[   13.190707] ima: No TPM chip found, activating TPM-bypass!
[   13.190729] evm: HMAC attrs: 0x1
[   13.191123]   Magic number: 10:0:329
[   13.191174] tty tty50: hash matches
[   13.206462] rtc_cmos rtc_cmos: setting system clock to 2018-07-06 12:18:56 UTC (1530879536)
[   13.206671] BIOS EDD facility v0.16 2004-Jun-25, 0 devices found
[   13.206672] EDD information not available.
[   13.321816] Freeing unused kernel memory: 1484K (ffffffff81f45000 - ffffffff820b8000)
[   14.779333] Write protecting the kernel read-only data: 14336k
[   14.815606] Freeing unused kernel memory: 1760K (ffff880001848000 - ffff880001a00000)
[   14.826338] Freeing unused kernel memory: 112K (ffff880001de4000 - ffff880001e00000)
Loading, please wait...
starting version[   14.872357] random: systemd-udevd: uninitialized urandom read (16 bytes read, 5 bits of entropy available)
 229
[   14.873109] random: udevadm: uninitialized urandom read (16 bytes read, 5 bits of entropy available)
[   14.873145] random: udevadm: uninitialized urandom read (16 bytes read, 5 bits of entropy available)
[   14.873239] random: udevadm: uninitialized urandom read (16 bytes read, 5 bits of entropy available)
[   14.873275] random: udevadm: uninitialized urandom read (16 bytes read, 5 bits of entropy available)
[   14.873311] random: udevadm: uninitialized urandom read (16 bytes read, 5 bits of entropy available)
[   14.873343] random: udevadm: uninitialized urandom read (16 bytes read, 5 bits of entropy available)
[   14.873383] random: udevadm: uninitialized urandom read (16 bytes read, 5 bits of entropy available)
[   14.873426] random: udevadm: uninitialized urandom read (16 bytes read, 5 bits of entropy available)
[   14.873453] random: udevadm: uninitialized urandom read (16 bytes read, 5 bits of entropy available)
[   15.153027] e1000: Intel(R) PRO/1000 Network Driver - version 7.3.21-k8-NAPI
[   15.162550] e1000: Copyright (c) 1999-2006 Intel Corporation.
[   15.195377] Fusion MPT base driver 3.04.20
[   15.205085] Copyright (c) 1999-2008 LSI Corporation
[   15.224562] Fusion MPT SPI Host driver 3.04.20
[   15.259123] AVX2 version of gcm_enc/dec engaged.
[   15.271907] AES CTR mode by8 optimization enabled
[   15.533046] input: ImExPS/2 Generic Explorer Mouse as /devices/platform/i8042/serio1/input/input4
[   15.806942] e1000 0000:00:03.0 eth0: (PCI:33MHz:32-bit) 02:10:b7:55:45:c0
[   16.040980] e1000 0000:00:03.0 eth0: Intel(R) PRO/1000 Network Connection
[   16.783035] e1000 0000:00:08.0 eth1: (PCI:33MHz:32-bit) 08:00:27:b0:02:d5
[   16.854513] e1000 0000:00:08.0 eth1: Intel(R) PRO/1000 Network Connection
[   16.857917] mptbase: ioc0: Initiating bringup
[   16.861471] e1000 0000:00:08.0 enp0s8: renamed from eth1
[   16.879186] e1000 0000:00:03.0 enp0s3: renamed from eth0
[   16.942877] ioc0: LSI53C1030 A0: Capabilities={Initiator}
[   17.123879] scsi host2: ioc0: LSI53C1030 A0, FwRev=00000000h, Ports=1, MaxQ=256, IRQ=20
[   17.263475] scsi 2:0:0:0: Direct-Access     VBOX     HARDDISK         1.0  PQ: 0 ANSI: 5
[   17.811892] scsi target2:0:0: Beginning Domain Validation
[   17.815095] scsi target2:0:0: Domain Validation skipping write tests
[   17.876964] scsi target2:0:0: Ending Domain Validation
[   17.888397] scsi target2:0:0: asynchronous
[   17.911664] scsi 2:0:1:0: Direct-Access     VBOX     HARDDISK         1.0  PQ: 0 ANSI: 5
[   18.369633] scsi target2:0:1: Beginning Domain Validation
[   18.369641] floppy0: no floppy controllers found
[   18.369671] work still pending
[   19.073248] scsi target2:0:1: Domain Validation skipping write tests
[   19.099723] scsi target2:0:1: Ending Domain Validation
[   19.111776] scsi target2:0:1: asynchronous
[   19.126036] sd 2:0:0:0: Attached scsi generic sg0 type 0
[   19.158872] sd 2:0:0:0: [sda] 20971520 512-byte logical blocks: (10.7 GB/10.0 GiB)
[   19.165470] sd 2:0:1:0: [sdb] 20480 512-byte logical blocks: (10.5 MB/10.0 MiB)
[   19.192667] sd 2:0:0:0: [sda] Write Protect is off
[   19.192859] sd 2:0:1:0: [sdb] Write Protect is off
[   19.192916] sd 2:0:1:0: [sdb] Incomplete mode parameter data
[   19.192917] sd 2:0:1:0: [sdb] Assuming drive cache: write through
[   19.207122] sd 2:0:1:0: Attached scsi generic sg1 type 0
[   19.208567] sd 2:0:1:0: [sdb] Attached SCSI disk
[   19.259556] sd 2:0:0:0: [sda] Incomplete mode parameter data
[   19.273587] sd 2:0:0:0: [sda] Assuming drive cache: write through
[   19.286004]  sda: sda1
[   19.314175] sd 2:0:0:0: [sda] Attached SCSI disk
Begin: Loading e[   20.621055] md: linear personality registered for level -1
ssential drivers ... [   20.634620] md: multipath personality registered for level -4
[   20.642349] md: raid0 personality registered for level 0
[   20.655806] md: raid1 personality registered for level 1
[   20.740664] raid6: sse2x1   gen() 10205 MB/s
[   20.812273] raid6: sse2x1   xor()  5911 MB/s
[   20.898676] raid6: sse2x2   gen() 10345 MB/s
[   20.966778] raid6: sse2x2   xor()  6558 MB/s
[   21.042777] raid6: sse2x4   gen() 12299 MB/s
[   21.131017] raid6: sse2x4   xor()  6521 MB/s
[   21.206731] raid6: avx2x1   gen() 17500 MB/s
[   21.289624] raid6: avx2x2   gen() 17316 MB/s
[   21.372398] raid6: avx2x4   gen() 22477 MB/s
[   21.379669] raid6: using algorithm avx2x4 gen() 22477 MB/s
[   21.380557] raid6: using avx2x2 recovery algorithm
[   21.383759] xor: automatically using best checksumming function:
[   21.478978]    avx       : 22762.000 MB/sec
[   21.496708] async_tx: api initialized (async)
[   21.525856] md: raid6 personality registered for level 6
[   21.541496] md: raid5 personality registered for level 5
[   21.563278] md: raid4 personality registered for level 4
[   21.580028] md: raid10 personality registered for level 10
done.
Begin: Running /scripts/init-premount ... done.
Begin: Mounting root file system ... Begin: Running /scripts/local-top ... done.
Begin: Running /scripts/local-premount ... [   21.606652] Btrfs loaded
Scanning for Btrfs filesystems
done.
Warning: fsck no[   21.648012] EXT4-fs (sda1): mounted filesystem with ordered data mode. Opts: (null)
t present, so skipping root file system
done.
Begin: Running /scripts/local-bottom ... done.
Begin: Running /scripts/init-bottom ... done.
[   21.759543] systemd[1]: systemd 229 running in system mode. (+PAM +AUDIT +SELINUX +IMA +APPARMOR +SMACK +SYSVINIT +UTMP +LIBCRYPTSETUP +GCRYPT +GNUTLS +ACL +XZ -LZ4 +SECCOMP +BLKID +ELFUTILS +KMOD -IDN)
[   21.801311] systemd[1]: Detected virtualization oracle.
[   21.806135] systemd[1]: Detected architecture x86-64.

Welcome to [1mUbuntu 16.04.2 LTS[0m!

[   21.828478] systemd[1]: Set hostname to <ubuntu>.
[   21.833517] systemd[1]: Initializing machine ID from random generator.
[   21.842330] systemd[1]: Installed transient /etc/machine-id file.
[   21.974014] systemd[1]: Listening on udev Control Socket.
[[0;32m  OK  [0m] Listening on udev Control Socket.
[   22.001064] systemd[1]: Listening on Syslog Socket.
[[0;32m  OK  [0m] Listening on Syslog Socket.
[   22.006522] systemd[1]: Set up automount Arbitrary Executable File Formats File System Automount Point.
[[0;32m  OK  [0m] Set up automount Arbitrary Executab...ats File System Automount Point.
[   22.063150] systemd[1]: Created slice User and Session Slice.
[[0;32m  OK  [0m] Created slice User and Session Slice.
[   22.082354] systemd[1]: Reached target Encrypted Volumes.
[[0;32m  OK  [0m] Reached target Encrypted Volumes.
[   22.106094] systemd[1]: Reached target User and Group Name Lookups.
[[0;32m  OK  [0m] Reached target User and Group Name Lookups.
[   22.121588] systemd[1]: Listening on Device-mapper event daemon FIFOs.
[[0;32m  OK  [0m] Listening on Device-mapper event daemon FIFOs.
[   22.150112] systemd[1]: Created slice System Slice.
[[0;32m  OK  [0m] Created slice System Slice.
[   22.163757] systemd[1]: Reached target Slices.
[[0;32m  OK  [0m] Reached target Slices.
[   22.176284] systemd[1]: Listening on LVM2 poll daemon socket.
[[0;32m  OK  [0m] Listening on LVM2 poll daemon socket.
[   22.213679] systemd[1]: Listening on Journal Audit Socket.
[[0;32m  OK  [0m] Listening on Journal Audit Socket.
[   22.259019] systemd[1]: Started Trigger resolvconf update for networkd DNS.
[[0;32m  OK  [0m] Started Trigger resolvconf update for networkd DNS.
[   22.333759] systemd[1]: Listening on udev Kernel Socket.
[[0;32m  OK  [0m] Listening on udev Kernel Socket.
[   22.355522] systemd[1]: Listening on /dev/initctl Compatibility Named Pipe.
[[0;32m  OK  [0m] Listening on /dev/initctl Compatibility Named Pipe.
[   22.373333] systemd[1]: Listening on Journal Socket (/dev/log).
[[0;32m  OK  [0m] Listening on Journal Socket (/dev/log).
[   22.395451] systemd[1]: Started Forward Password Requests to Wall Directory Watch.
[[0;32m  OK  [0m] Started Forward Password Requests to Wall Directory Watch.
[   22.435056] systemd[1]: Reached target Swap.
[[0;32m  OK  [0m] Reached target Swap.
[   22.447077] systemd[1]: Listening on Journal Socket.
[[0;32m  OK  [0m] Listening on Journal Socket.
[   22.494996] systemd[1]: Mounting Huge Pages File System...
         Mounting Huge Pages File System...
[   22.512315] systemd[1]: Starting Set console keymap...
         Starting Set console keymap...
[   22.554359] systemd[1]: Starting Journal Service...
         Starting Journal Service...
[   22.583508] systemd[1]: Starting Load Kernel Modules...
         [   22.614160] Loading iSCSI transport class v2.0-870.
Starting Load Kernel Modules...[   22.624676] iscsi: registered transport (tcp)

[   22.780507] random: nonblocking pool is initialized
[   22.810936] systemd[1]: Starting Remount Root and Kernel File Systems...
         Starting Remount[   22.848359] EXT4-fs (sda1): re-mounted. Opts: (null)
 Root and Kernel[   22.865944] iscsi: registered transport (iser)
 File Systems...
[   22.904098] systemd[1]: Starting Create list of required static device nodes for the current kernel...
         Starting Create list of required st... nodes for the current kernel...
[   22.930168] systemd[1]: Mounting POSIX Message Queue File System...
         Mounting POSIX Message Queue File System...
[   22.979276] systemd[1]: Mounting Debug File System...
         Mounting Debug File System...
[   22.987885] systemd[1]: Starting Nameserver information manager...
         Starting Nameserver information manager...
[   23.011800] systemd[1]: Starting Uncomplicated firewall...
         Starting Uncomplicated firewall...
[   23.031227] systemd[1]: Listening on LVM2 metadata daemon socket.
[[0;32m  OK  [0m] Listening on LVM2 metadata daemon socket.
[   23.063061] systemd[1]: Starting Monitoring of LVM2 mirrors, snapshots etc. using dmeventd or progress polling...
         Starting Monitoring of LVM2 mirrors... dmeventd or progress polling...
[   23.078409] systemd[1]: Created slice system-serial\x2dgetty.slice.
[[0;32m  OK  [0m] Created slice system-serial\x2dgetty.slice.
[   23.095276] systemd[1]: Mounted Huge Pages File System.
[[0;32m  OK  [0m] Mounted Huge Pages File System.
[   23.109240] systemd[1]: Mounted POSIX Message Queue File System.
[[0;32m  OK  [0m] Mounted POSIX Message Queue File System.
[   23.128944] systemd[1]: Mounted Debug File System.
[[0;32m  OK  [0m] Mounted Debug File System.
[   23.155636] systemd[1]: Started Journal Service.
[[0;32m  OK  [0m] Started Journal Service.
[[0;32m  OK  [0m] Started Set console keymap.
[[0;32m  OK  [0m] Started Load Kernel Modules.
[[0;32m  OK  [0m] Started Remount Root and Kernel File Systems.
[[0;32m  OK  [0m] Started Create list of required sta...ce nodes for the current kernel.
[[0;32m  OK  [0m] Started Uncomplicated firewall.
[[0;32m  OK  [0m] Started Nameserver information manager.
[[0;32m  OK  [0m] Started LVM2 metadata daemon.
         Starting Create Static Device Nodes in /dev...
         Starting udev Coldplug all Devices...
         Starting Initial cloud-init job (pre-networking)...
         Starting Load/Save Random Seed...
         Mounting FUSE Control File System...
         Starting Apply Kernel Variables...
         Starting Flush Journal to Persistent Storage...
[[0;32m  OK  [0m] Mounted FUSE Control File System.
[[0;32m  OK  [0m] Started Create Static Device Nodes in /dev.
[[0;32m  OK  [0m] Started Load/Save Random Seed.
[[0;32m  OK  [0m] Started Monitoring of LVM2 mirrors,...ng dmeventd or progress polling.
[[0;32m  OK  [0m] Started Apply Kernel Variables.
[[0;32m  OK  [0m] Started udev Coldplug all Devices.
[[0;32m  OK  [0m] Started Flush Journal to Persistent Storage.
         Starting udev Kernel Device Manager...
[[0;32m  OK  [0m] Started udev Kernel Device Manager.
[[0;32m  OK  [0m] Started Dispatch Password Requests to Console Directory Watch.
[[0;32m  OK  [0m] Reached target Local File Systems (Pre).
[[0;32m  OK  [0m] Reached target Local File Systems.
         Starting Commit a transient machine-id on disk...
         Starting LSB: AppArmor initialization...
         Starting Create Volatile Files and Directories...
         Starting Set console font and keymap...
         Starting Tell Plymouth To Write Out Runtime Data...
[[0;32m  OK  [0m] Started Commit a transient machine-id on disk.
[[0;32m  OK  [0m] Started Create Volatile Files and Directories.
[[0;32m  OK  [0m] Started Tell Plymouth To Write Out Runtime Data.
[[0;32m  OK  [0m] Found device /dev/ttyS0.
[[0;32m  OK  [0m] Reached target System Time Synchronized.
         Starting Update UTMP about System Boot/Shutdown...
[[0;32m  OK  [0m] Started Update UTMP about System Boot/Shutdown.
[[0;32m  OK  [0m] Listening on Load/Save RF Kill Switch Status /dev/rfkill Watch.
[[0;32m  OK  [0m] Started Set console font and keymap.
[   19.556297] cloud-init[449]: Cloud-init v. 0.7.9 running 'init-local' at Fri, 06 Jul 2018 12:19:10 +0000. Up 18.92 seconds.
[[0;32m  OK  [0m] Started Initial cloud-init job (pre-networking).
[[0;32m  OK  [0m] Started LSB: AppArmor initialization.
[[0;32m  OK  [0m] Reached target Network (Pre).
         Starting Raise network interfaces...
[[0;32m  OK  [0m] Created slice system-getty.slice.
[[0;32m  OK  [0m] Started Raise network interfaces.
[[0;32m  OK  [0m] Reached target Network.
         Starting Initial cloud-init job (metadata service crawler)...
[   21.179518] cloud-init[946]: Cloud-init v. 0.7.9 running 'init' at Fri, 06 Jul 2018 12:19:12 +0000. Up 20.65 seconds.
[   21.228587] cloud-init[946]: ci-info: ++++++++++++++++++++++++++++++++++++++Net device info++++++++++++++++++++++++++++++++++++++
[   21.264295] [cloud-init[0;32m  OK  [0m[946]: ] ci-info: +--------+-------+----------------------------+---------------+-------+-------------------+Started Initial cloud-init job (metadata service crawler).

[   21.264489] cloud-init[946]: ci-info: | Device |   Up  |          Address           |      Mask     | Scope |     Hw-Address    |
[   21.380466] [cloud-init[0;32m  OK  [0m[946]: ] ci-info: +--------+-------+----------------------------+---------------+-------+-------------------+Reached target Cloud-config availability.

[[0;32m  OK  [0m] Reached target Network is Online.
[   21.380763] cloud-init[946]: ci-info: | enp0s8 | False |             .              |       .       |   .   | 08:00:27:b0:02:d5 |
[   21.465652]          cloud-initStarting iSCSI initiator daemon (iscsid)...[946]: 
ci-info: | enp0s3 |  True |         10.0.2.15          | 255.255.255.0 |   .   | 02:10:b7:55:45:c0 |
[   21.525958] [cloud-init[0;32m  OK  [0m[946]: ] ci-info: | enp0s3 |  True | fe80::10:b7ff:fe55:45c0/64 |       .       |  link | 02:10:b7:55:45:c0 |Reached target System Initialization.

[   21.526445] [[0;32m  OK  [0mcloud-init] [946]: Listening on UUID daemon activation socket.ci-info: |   lo   |  True |         127.0.0.1          |   255.0.0.0   |   .   |         .         |

[[0;32m  OK  [0m] Started ACPI Events Check.
[   21.617830] cloud-init[946]: ci-info: |   lo   |  True |          ::1/128           |       .       |  host |         .         |
[   21.696154] [cloud-init[0;32m  OK  [0m[946]: ] ci-info: +--------+-------+----------------------------+---------------+-------+-------------------+Reached target Paths.

         Starting Socket activation for snappy daemon.
[   21.696572] cloud-init[946]: ci-info: +++++++++++++++++++++++++++Route IPv4 info++++++++++++++++++++++++++++
[   21.811859] [[0;32m  OK  [0m] Started Daily apt activities.
cloud-init[946]: ci-info: +-------+-------------+----------+---------------+-----------+-------+
[   21.820454] [cloud-init[0;32m  OK  [0m[946]: ] ci-info: | Route | Destination | Gateway  |    Genmask    | Interface | Flags |Listening on D-Bus System Message Bus Socket.

[   21.820816] cloud-init[946]: ci-info: +-------+-------------+----------+---------------+-----------+-------+
[   21.886558]          cloud-initStarting LXD - unix socket.[946]: 
ci-info: |   0   |   0.0.0.0   | 10.0.2.2 |    0.0.0.0    |   enp0s3  |   UG  |
[   21.953983] [cloud-init[0;32m  OK  [0m[946]: ] ci-info: |   1   |   10.0.2.0  | 0.0.0.0  | 255.255.255.0 |   enp0s3  |   U   |Started Timer to automatically refresh installed snaps.

[   21.978276] [cloud-init[0;32m  OK  [0m[946]: ] ci-info: +-------+-------------+----------+---------------+-----------+-------+Started Daily Cleanup of Temporary Directories.

[[0;32m  OK  [0m] Reached target Timers.
[[0;32m  OK  [0m] Listening on ACPID Listen Socket.
[   21.978887] cloud-init[946]: Generating public/private rsa key pair.
[   22.056838] cloud-init[946]: Your identification has been saved in /etc/ssh/ssh_host_rsa_key.
[   22.076465] [cloud-init[0;32m  OK  [0m[946]: ] Your public key has been saved in /etc/ssh/ssh_host_rsa_key.pub.Listening on Socket activation for snappy daemon.

[   22.076778] [cloud-init[0;32m  OK  [0m[946]: ] The key fingerprint is:Listening on LXD - unix socket.

[   22.244503] [cloud-init[946]: SHA256:x4H5tD/W+stR97cbEPqznOs2jeObvy2DeRCuEHLiig4 root@ubuntu-xenial[0;32m  OK  [0m
] Started iSCSI initiator daemon (iscsid).
[   22.245140] cloud-init[946]: The key's randomart image is:
[   22.265339] cloud-init[946]: +---[RSA 2048]----+
[   22.276717] cloud-init[946]: |                 |
[   22.293668] cloud-init[946]: |         o       |
         Starting Login to default iSCSI targets...
[[0;32m  OK  [0m] Reached target Sockets.
[[0;32m  OK  [0m] Reached target Basic System.
[   22.307073] cloud-init[946]: |        o o  .   |
[   22.564296] cloud-init[946]: |      o o+ oo .  |
[   22.564487] cloud-init[946]: |     . +S.=o o  o|
[   22.564508] cloud-init[946]: |      . .. .+...o|
[   22.564527] cloud-init[946]: |E  . .   . .+*=.o|
[   22.564544] cloud-init[946]: | .. .     ..+OOo=|
[   22.564563] cloud-init[946]: | ..         =%XO+|
[   22.564595] cloud-init[946]: +----[SHA256]-----+
[   22.564614] cloud-init[946]: Generating public/private dsa key pair.
[   22.564631] cloud-init[946]: Your identification has been saved in /etc/ssh/ssh_host_dsa_key.
[   22.564649] cloud-init[946]: Your public key has been saved in /etc/ssh/ssh_host_dsa_key.pub.
[   22.564667] cloud-init[946]: The key fingerprint is:
[   22.564688] cloud-init[946]: SHA256:Yr1TNWJL9P4TPJweAHJu0tmgXcDFpTHhFaFd0KMPbWQ root@ubuntu-xenial
[   22.564706] cloud-init[946]: The key's randomart image is:
[   22.564724] cloud-init[946]: +---[DSA 1024]----+
[   22.564742] cloud-init[946]: |        ..*+*o*=.|
[   22.564759] cloud-init[946]: |         O.O.B E.|
[   22.564776] cloud-init[946]: |        o X X * .|
[   22.564794] cloud-init[946]: |       . = = B + |
[   22.564811] cloud-init[946]: |      o S o . @  |
[   22.564828] cloud-init[946]: |     . . o   o = |
[   22.564844] cloud-init[946]: |        o     +  |
[   22.564861] cloud-init[946]: |         .     . |
[   22.564879] cloud-init[946]: |                 |
[   22.564896] cloud-init[946]: +----[SHA256]-----+
[   22.564912] cloud-init[946]: Generating public/private ecdsa key pair.
[   22.564932] cloud-init[946]: Your identification has been saved in /etc/ssh/ssh_host_ecdsa_key.
[   22.564950] cloud-init[946]: Your public key has been saved in /etc/ssh/ssh_host_ecdsa_key.pub.
[   22.564968] cloud-init[946]: The key fingerprint is:
[   22.564984] cloud-init[946]: SHA256:B4CBCMeUs9byKuqlseU6fweFE74vry67C3bIOJq3PlU root@ubuntu-xenial
[   22.565001] cloud-init[946]: The key's randomart image is:
[   22.565018] cloud-init[946]: +---[ECDSA 256]---+
[   22.565035] cloud-init[946]: |o+oo.o.          |
[   22.565052] cloud-init[946]: |..= .. .         |
[   22.565069] cloud-init[946]: |   +. o .        |
[   22.565100] cloud-init[946]: |  + .+E. .       |
[   22.565118] cloud-init[946]: | . o .+ S .      |
[   22.565135] cloud-init[946]: |o . oo   .       |
[   22.565154] cloud-init[946]: |o* *  o          |
[   22.565172] cloud-init[946]: |++&. o o         |
[   22.565189] cloud-init[946]: |*O*OBo=.         |
[   22.565206] cloud-init[946]: +----[SHA256]-----+
[   22.565222] cloud-init[946]: Generating public/private ed25519 key pair.
[   22.565240] cloud-init[946]: Your identification has been saved in /etc/ssh/ssh_host_ed25519_key.
[   22.565258] cloud-init[946]: Your public key has been saved in /etc/ssh/ssh_host_ed25519_key.pub.
[   22.565275] cloud-init[946]: The key fingerprint is:
[   22.565292] cloud-init[946]: SHA256:knUYFjnKqABvAt5RKbSOuXPnexXbkYKUVBZnc6zUy3s root@ubuntu-xenial
[   22.565309] cloud-init[946]: The key's randomart image is:
[   22.565326] cloud-init[946]: +--[ED25519 256]--+
[   22.565343] cloud-init[946]: |  ....o.**.+o.   |
[   22.565361] cloud-init[946]: |o  o.. ++oo.oo   |
[   22.565379] cloud-init[946]: |+...oo..+.o + .  |
[   22.565404] cloud-init[946]: |o.*.. o+ + + o   |
[   22.565431] cloud-init[946]: | * o  o S = . .  |
[   22.565460] cloud-init[946]: |  o    . o . . E |
[   22.565486] cloud-init[946]: | o . .  .     .  |
[   22.565510] cloud-init[946]: |  o o  .         |
[   22.565540] cloud-init[946]: |     oo          |
[   22.565561] cloud-init[946]: +----[SHA256]-----+
         Starting Apply the settings specified in cloud-config...
[   22.964387] cloud-init[1046]: Generating locales (this might take a while)...
         Starting /etc/rc.local Compatibility...
[[0;32m  OK  [0m] Started D-Bus System Message Bus.
[[0;32m  OK  [0m] Started Unattended Upgrades Shutdown.
         Starting LXD - container startup/shutdown...
         Starting LSB: Record successful boot for GRUB...
         Starting System Logging Service...
[[0;32m  OK  [0m] Started FUSE filesystem for LXC.
         Starting LSB: MD monitoring daemon...
[[0;32m  OK  [0m] Started Deferred execution scheduler.
[[0;32m  OK  [0m] Started Regular background program processing daemon.
         Starting Login Service...
         Starting Pollinate to seed the pseudo random number generator...
[[0;32m  OK  [0m] Started ACPI event daemon.
         Starting Accounts Service...
[[0;32m  OK  [0m] Started Snappy daemon.
         Starting Auto import assertions from block devices...
[[0;32m  OK  [0m] Started System Logging Service.
[[0;32m  OK  [0m] Started /etc/rc.local Compatibility.
[[0;32m  OK  [0m] Started LXD - container startup/shutdown.
[[0;32m  OK  [0m] Started Auto import assertions from block devices.
[[0;32m  OK  [0m] Started Login to default iSCSI targets.
[   24.561778] cloud-init[1046]:   en_US.UTF-8... done
[[   24.597619] cloud-init[1046]: Generation complete.
[0;32m  OK  [0m] Started LSB: Record successful boot for GRUB.
[[0;32m  OK  [0m] Started LSB: MD monitoring daemon.
[[0;32m  OK  [0m] Started Login Service.
[[0;32m  OK  [0m] Stopped OpenBSD Secure Shell server.
         Starting OpenBSD Secure Shell server...
         Starting Authenticate and Authorize Users to Run Privileged Tasks...
[[0;32m  OK  [0m] Reached target Remote File Systems (Pre).
[[0;32m  OK  [0m] Reached target Remote File Systems.
         Starting LSB: daemon to balance interrupts for SMP systems...
         Starting LSB: Set the CPU Frequency Scaling governor to "ondemand"...
         Starting LSB: VirtualBox Linux Additions...
         Starting LSB: automatic crash report generation...
         Starting Permit User Sessions...
[[0;32m  OK  [0m] Started OpenBSD Secure Shell server.
[[0;32m  OK  [0m] Started Permit User Sessions.
[[0;32m  OK  [0m] Started Authenticate and Authorize Users to Run Privileged Tasks.
[[0;32m  OK  [0m] Started Accounts Service.
[[0;32m  OK  [0m] Started LSB: Set the CPU Frequency Scaling governor to "ondemand".
[[0;32m  OK  [0m] Started LSB: daemon to balance interrupts for SMP systems.
[[0;32m  OK  [0m] Started LSB: VirtualBox Linux Additions.
[[0;32m  OK  [0m] Started LSB: automatic crash report generation.
         Starting Hold until boot process finishes up...
         Starting Terminate Plymouth Boot Screen...
[[0;32m  OK  [0m] Started Hold until boot process finishes up.
[[0;32m  OK  [0m] Started Terminate Plymouth Boot Screen.
[   25.238009] cloud-init[1046]: Cloud-init v. 0.7.9 running 'modules:config' at Fri, 06 Jul 2018 12:19:14 +0000. Up 22.86 seconds.
         Starting Set console scheme...
[[0;32m  OK  [0m] Started Serial Getty on ttyS0.
[[0;32m  OK  [0m] Started Getty on tty1.
[[0;32m  OK  [0m] Reached target Login Prompts.
[[0;32m  OK  [0m] Started Apply the settings specified in cloud-config.
[[0;32m  OK  [0m] Started Set console scheme.
[[0;32m  OK  [0m] Started Pollinate to seed the pseudo random number generator.
[[0;32m  OK  [0m] Reached target Multi-User System.
[[0;32m  OK  [0m] Reached target Graphical Interface.
         Starting Update UTMP about System Runlevel Changes...
         Starting Execute cloud user/final scripts...
[[0;32m  OK  [0m] Started Update UTMP about System Runlevel Changes.
ci-info: no authorized ssh keys fingerprints found for user ubuntu.
<14>Jul  6 12:19:18 ec2: 
<14>Jul  6 12:19:18 ec2: #############################################################
<14>Jul  6 12:19:18 ec2: -----BEGIN SSH HOST KEY FINGERPRINTS-----
<14>Jul  6 12:19:18 ec2: 1024 SHA256:Yr1TNWJL9P4TPJweAHJu0tmgXcDFpTHhFaFd0KMPbWQ root@ubuntu-xenial (DSA)
<14>Jul  6 12:19:18 ec2: 256 SHA256:B4CBCMeUs9byKuqlseU6fweFE74vry67C3bIOJq3PlU root@ubuntu-xenial (ECDSA)
<14>Jul  6 12:19:18 ec2: 256 SHA256:knUYFjnKqABvAt5RKbSOuXPnexXbkYKUVBZnc6zUy3s root@ubuntu-xenial (ED25519)
<14>Jul  6 12:19:18 ec2: 2048 SHA256:x4H5tD/W+stR97cbEPqznOs2jeObvy2DeRCuEHLiig4 root@ubuntu-xenial (RSA)
<14>Jul  6 12:19:18 ec2: -----END SSH HOST KEY FINGERPRINTS-----
<14>Jul  6 12:19:18 ec2: #############################################################
-----BEGIN SSH HOST KEY KEYS-----
ecdsa-sha2-nistp256 AAAAE2VjZHNhLXNoYTItbmlzdHAyNTYAAAAIbmlzdHAyNTYAAABBBMpfB+txi1q+qZBuIdcnbWJ++kYKd4FpmKcpFEGIapSOwXoYTmWQeX5zevi2sMp6z5K6DoOwfNj9OLtopHQcYlk= root@ubuntu-xenial
ssh-ed25519 AAAAC3NzaC1lZDI1NTE5AAAAIMAHx6+FJDEHJzVl6wKnId0LX2wrCNqCfc96gvrJBkFk root@ubuntu-xenial
ssh-rsa AAAAB3NzaC1yc2EAAAADAQABAAABAQC+08dnlovaDpK7/+D/JMT/iEVEBwmuUBK2Vk4a81rC4SA6vIvdyqKPBk2lyALVWHZql1Ld/4W5eoC1h5kmzwORdSzLsJgXrGb6lBaISG1vdRCTSPcDLjXnFCOUs0rxitKPN3VwvTFBUv+VW9JDAqisbTmOdonZU9y9fShTrMbAU6FLPO2xHr3wcMgZb4wRQSnaqSOjp/LDXxAVKWqr0tP2iH36IA+yxdfhC3V/5OldzCDtcpPeLvxNYzoXxphm3zCWDI1nMW7qhJvyj6vk34SilSe4Oj0/z/dWyh1WQw+oskiTtoOdHTnDPJiIMq2s+0vAlCTVtlYNNX3mE0mVe46D root@ubuntu-xenial
-----END SSH HOST KEY KEYS-----
[   27.703767] cloud-init[1308]: Cloud-init v. 0.7.9 running 'modules:final' at Fri, 06 Jul 2018 12:19:18 +0000. Up 27.02 seconds.
[   27.746280] cloud-init[1308]: ci-info: no authorized ssh keys fingerprints found for user ubuntu.
[   27.762276] cloud-init[1308]: Cloud-init v. 0.7.9 finished at Fri, 06 Jul 2018 12:19:19 +0000. Datasource DataSourceNoCloud [seed=/dev/sdb][dsmode=net].  Up 27.69 seconds
[[0;32m  OK  [0m] Started Execute cloud user/final scripts.
[[0;32m  OK  [0m] Reached target Cloud-init target.

Ubuntu 16.04.2 LTS ubuntu-xenial ttyS0

ubuntu-xenial login: 